Sum           0:      46744
Sum           1:      44872
Sum           2:      53943
Sum           3:      11305
Sum           4:      34291
Sum           5:      17436
Sum           6:      44800
Sum           7:      54060
Sum           8:      37362
Sum           9:      34257
Sum          10:      34920
Sum          11:       1908
Sum          12:      19697
Sum          13:      33897
Sum          14:      20806
Sum          15:      10861
Sum          16:      25034
Sum          17:      22989
Sum          18:      25895
Sum          19:      39627
Sum          20:      30761
Sum          21:      52995
Sum          22:      29739
Sum          23:      26184
Sum          24:       8436
Sum          25:      19892
Sum          26:      20380
Sum          27:      40325
Sum          28:      35748
Sum          29:      44779
Sum          30:      37489
Sum          31:      52857
Sum          32:      38631
Sum          33:      32904
Sum          34:      24294
Sum          35:      50990
Sum          36:      32365
Sum          37:      37116
Sum          38:      10716
Sum          39:      12643
Sum          40:      24935
Sum          41:      23957
Sum          42:      29451
Sum          43:      38963
Sum          44:      40228
Sum          45:      40159
Sum          46:      38667
Sum          47:      44556
Sum          48:      48484
Sum          49:      58674
Sum          50:      16290
Sum          51:      42256
Sum          52:      28551
Sum          53:      39731
Sum          54:      51284
Sum          55:      10903
Sum          56:      18770
Sum          57:      11247
Sum          58:      52679
Sum          59:      48822
Sum          60:      26998
Sum          61:      46525
Sum          62:      39978
Sum          63:      21431
Product           0:  532993503
Product           1:  408057927
Product           2:  718198920
Product           3:     416916
Product           4:  289998114
Product           5:   49098555
Product           6:  448513791
Product           7:  727402464
Product           8:  283126536
Product           9:  219674702
Product          10:  300791375
Product          11:     863027
Product          12:   80301642
Product          13:  242341550
Product          14:   82089865
Product          15:   29308428
Product          16:  154879689
Product          17:   61437474
Product          18:  123222196
Product          19:  373368476
Product          20:  181451428
Product          21:  689411846
Product          22:  184457168
Product          23:   27616383
Product          24:   13934228
Product          25:   98646240
Product          26:   51924075
Product          27:  404884164
Product          28:  299067552
Product          29:  481223790
Product          30:  328369050
Product          31:  670253580
Product          32:  369457610
Product          33:  237051500
Product          34:   72103013
Product          35:  620008449
Product          36:  174703074
Product          37:  322468875
Product          38:   23034240
Product          39:   34155672
Product          40:  100196500
Product          41:  135803250
Product          42:  216747020
Product          43:  374651370
Product          44:  378297120
Product          45:  329148900
Product          46:  368221700
Product          47:  421625120
Product          48:  576478848
Product          49:  856481633
Product          50:   66274461
Product          51:  445337655
Product          52:  180716288
Product          53:  390026334
Product          54:  649309668
Product          55:   19321452
Product          56:   87002856
Product          57:   28673946
Product          58:  673908868
Product          59:  585282357
Product          60:  177330057
Product          61:  535791624
Product          62:  394980521
Product          63:    4666420
